[12:50:07] {/home/ericnguyen/eric/master_thesis/robotic-grasping/hardware/device.py:11} INFO - CUDA detected. Running with GPU acceleration.
[12:50:07] {/home/ericnguyen/eric/master_thesis/robotic-grasping/train_network.py:250} INFO - Loading Graspanything Dataset...
[12:50:07] {/home/ericnguyen/eric/master_thesis/robotic-grasping/train_network.py:252} INFO - Loading /home/ericnguyen/eric/master_thesis/robotic-grasping/new_dataset/ 
[12:50:07] {/home/ericnguyen/eric/master_thesis/robotic-grasping/train_network.py:260} INFO - Dataset size is 1976
[12:50:07] {/home/ericnguyen/eric/master_thesis/robotic-grasping/train_network.py:269} INFO - Training size: 1778
[12:50:07] {/home/ericnguyen/eric/master_thesis/robotic-grasping/train_network.py:270} INFO - Validation size: 198
[12:50:07] {/home/ericnguyen/eric/master_thesis/robotic-grasping/train_network.py:288} INFO - Done
[12:50:07] {/home/ericnguyen/eric/master_thesis/robotic-grasping/train_network.py:291} INFO - Loading Network...
[12:50:10] {/home/ericnguyen/eric/master_thesis/robotic-grasping/train_network.py:302} INFO - Done
[12:50:10] {/home/ericnguyen/eric/master_thesis/robotic-grasping/train_network.py:321} INFO - Beginning Epoch 00
[12:50:30] {/home/ericnguyen/eric/master_thesis/robotic-grasping/hardware/device.py:11} INFO - CUDA detected. Running with GPU acceleration.
[12:50:30] {/home/ericnguyen/eric/master_thesis/robotic-grasping/train_network.py:250} INFO - Loading Graspanything Dataset...
[12:50:30] {/home/ericnguyen/eric/master_thesis/robotic-grasping/train_network.py:252} INFO - Loading /home/ericnguyen/eric/master_thesis/robotic-grasping/new_dataset/ 
[12:50:31] {/home/ericnguyen/eric/master_thesis/robotic-grasping/train_network.py:260} INFO - Dataset size is 1976
[12:50:31] {/home/ericnguyen/eric/master_thesis/robotic-grasping/train_network.py:269} INFO - Training size: 1778
[12:50:31] {/home/ericnguyen/eric/master_thesis/robotic-grasping/train_network.py:270} INFO - Validation size: 198
[12:50:31] {/home/ericnguyen/eric/master_thesis/robotic-grasping/train_network.py:288} INFO - Done
[12:50:31] {/home/ericnguyen/eric/master_thesis/robotic-grasping/train_network.py:291} INFO - Loading Network...
[12:50:33] {/home/ericnguyen/eric/master_thesis/robotic-grasping/train_network.py:302} INFO - Done
[12:50:33] {/home/ericnguyen/eric/master_thesis/robotic-grasping/train_network.py:321} INFO - Beginning Epoch 00
[12:50:50] {/home/ericnguyen/eric/master_thesis/robotic-grasping/hardware/device.py:11} INFO - CUDA detected. Running with GPU acceleration.
[12:50:50] {/home/ericnguyen/eric/master_thesis/robotic-grasping/train_network.py:250} INFO - Loading Graspanything Dataset...
[12:50:50] {/home/ericnguyen/eric/master_thesis/robotic-grasping/train_network.py:252} INFO - Loading /home/ericnguyen/eric/master_thesis/robotic-grasping/new_dataset/ 
[12:50:50] {/home/ericnguyen/eric/master_thesis/robotic-grasping/train_network.py:260} INFO - Dataset size is 1976
[12:50:50] {/home/ericnguyen/eric/master_thesis/robotic-grasping/train_network.py:269} INFO - Training size: 1778
[12:50:50] {/home/ericnguyen/eric/master_thesis/robotic-grasping/train_network.py:270} INFO - Validation size: 198
[12:50:50] {/home/ericnguyen/eric/master_thesis/robotic-grasping/train_network.py:288} INFO - Done
[12:50:50] {/home/ericnguyen/eric/master_thesis/robotic-grasping/train_network.py:291} INFO - Loading Network...
[12:50:53] {/home/ericnguyen/eric/master_thesis/robotic-grasping/train_network.py:302} INFO - Done
[12:50:53] {/home/ericnguyen/eric/master_thesis/robotic-grasping/train_network.py:321} INFO - Beginning Epoch 00
